Job Name:	streamjob564034446726791542.jar
User Name:	kmkaran212
Queue:	default
State:	SUCCEEDED
Uberized:	false
Submitted:	Sun Sep 09 12:30:23 IST 2018
Started:	Sun Sep 09 12:30:03 IST 2018
Finished:	Sun Sep 09 12:31:09 IST 2018
Elapsed:	1mins, 5sec
Diagnostics:	
Average Map Time	43sec
Average Shuffle Time	17sec
Average Merge Time	0sec
Average Reduce Time	2sec

rm: cannot remove '/home/kmkaran212/results/*': No such file or directory
SLF4J: Class path contains multiple SLF4J bindings.
SLF4J: Found binding in [jar:file:/usr/hdp/2.6.1.0-129/hadoop/lib/slf4j-log4j12-1.7.10.jar!/org/slf4j/impl/StaticLoggerBinder.class]
SLF4J: Found binding in [jar:file:/usr/hdp/2.6.1.0-129/hadoop-mapreduce/lib/giraph-examples-1.3.0-SNAPSHOT-for-hadoop-2.7.3-jar-with-dependencies.jar!/org/slf4j/impl/StaticLoggerBinder.class]
SLF4J: See http://www.slf4j.org/codes.html#multiple_bindings for an explanation.
SLF4J: Actual binding is of type [org.slf4j.impl.Log4jLoggerFactory]
rm: `/user/kmkaran212/results/*': No such file or directory
SLF4J: Class path contains multiple SLF4J bindings.
SLF4J: Found binding in [jar:file:/usr/hdp/2.6.1.0-129/hadoop/lib/slf4j-log4j12-1.7.10.jar!/org/slf4j/impl/StaticLoggerBinder.class]
SLF4J: Found binding in [jar:file:/usr/hdp/2.6.1.0-129/hadoop-mapreduce/lib/giraph-examples-1.3.0-SNAPSHOT-for-hadoop-2.7.3-jar-with-dependencies.jar!/org/slf4j/impl/StaticLoggerBinder.class]
SLF4J: See http://www.slf4j.org/codes.html#multiple_bindings for an explanation.
SLF4J: Actual binding is of type [org.slf4j.impl.Log4jLoggerFactory]
18/09/09 12:30:17 INFO fs.TrashPolicyDefault: Moved: 'hdfs://turing.cds.iisc.ac.in:8020/user/kmkaran212/output' to trash at: hdfs://turing.cds.iisc.ac.in:8020/user/kmkaran212/.Trash/Current/user/kmkaran212/output
SLF4J: Class path contains multiple SLF4J bindings.
SLF4J: Found binding in [jar:file:/usr/hdp/2.6.1.0-129/hadoop/lib/slf4j-log4j12-1.7.10.jar!/org/slf4j/impl/StaticLoggerBinder.class]
SLF4J: Found binding in [jar:file:/usr/hdp/2.6.1.0-129/hadoop-mapreduce/lib/giraph-examples-1.3.0-SNAPSHOT-for-hadoop-2.7.3-jar-with-dependencies.jar!/org/slf4j/impl/StaticLoggerBinder.class]
SLF4J: See http://www.slf4j.org/codes.html#multiple_bindings for an explanation.
SLF4J: Actual binding is of type [org.slf4j.impl.Log4jLoggerFactory]
Deleted /user/kmkaran212/.Trash
SLF4J: Class path contains multiple SLF4J bindings.
SLF4J: Found binding in [jar:file:/usr/hdp/2.6.1.0-129/hadoop/lib/slf4j-log4j12-1.7.10.jar!/org/slf4j/impl/StaticLoggerBinder.class]
SLF4J: Found binding in [jar:file:/usr/hdp/2.6.1.0-129/hadoop-mapreduce/lib/giraph-examples-1.3.0-SNAPSHOT-for-hadoop-2.7.3-jar-with-dependencies.jar!/org/slf4j/impl/StaticLoggerBinder.class]
SLF4J: See http://www.slf4j.org/codes.html#multiple_bindings for an explanation.
SLF4J: Actual binding is of type [org.slf4j.impl.Log4jLoggerFactory]
packageJobJar: [] [/usr/hdp/2.6.1.0-129/hadoop-mapreduce/hadoop-streaming-2.7.3.2.6.1.0-129.jar] /tmp/streamjob564034446726791542.jar tmpDir=null
18/09/09 12:30:22 INFO client.RMProxy: Connecting to ResourceManager at turing.cds.iisc.ac.in/10.24.1.32:8050
18/09/09 12:30:22 INFO client.AHSProxy: Connecting to Application History server at turing.cds.iisc.ac.in/10.24.1.32:10200
18/09/09 12:30:22 INFO client.RMProxy: Connecting to ResourceManager at turing.cds.iisc.ac.in/10.24.1.32:8050
18/09/09 12:30:22 INFO client.AHSProxy: Connecting to Application History server at turing.cds.iisc.ac.in/10.24.1.32:10200
18/09/09 12:30:23 INFO mapred.FileInputFormat: Total input paths to process : 1
18/09/09 12:30:23 INFO mapreduce.JobSubmitter: number of splits:10
18/09/09 12:30:23 INFO mapreduce.JobSubmitter: Submitting tokens for job: job_1524406905265_2560
18/09/09 12:30:24 INFO impl.YarnClientImpl: Submitted application application_1524406905265_2560
18/09/09 12:30:24 INFO mapreduce.Job: The url to track the job: http://turing.cds.iisc.ac.in:8088/proxy/application_1524406905265_2560/
18/09/09 12:30:24 INFO mapreduce.Job: Running job: job_1524406905265_2560
18/09/09 12:30:32 INFO mapreduce.Job: Job job_1524406905265_2560 running in uber mode : false
18/09/09 12:30:32 INFO mapreduce.Job:  map 0% reduce 0%
18/09/09 12:30:43 INFO mapreduce.Job:  map 11% reduce 0%
18/09/09 12:30:44 INFO mapreduce.Job:  map 16% reduce 0%
18/09/09 12:30:46 INFO mapreduce.Job:  map 31% reduce 0%
18/09/09 12:30:47 INFO mapreduce.Job:  map 35% reduce 0%
18/09/09 12:30:49 INFO mapreduce.Job:  map 47% reduce 0%
18/09/09 12:30:50 INFO mapreduce.Job:  map 51% reduce 0%
18/09/09 12:30:51 INFO mapreduce.Job:  map 53% reduce 0%
18/09/09 12:30:52 INFO mapreduce.Job:  map 58% reduce 0%
18/09/09 12:30:54 INFO mapreduce.Job:  map 60% reduce 0%
18/09/09 12:30:55 INFO mapreduce.Job:  map 64% reduce 0%
18/09/09 12:30:58 INFO mapreduce.Job:  map 67% reduce 0%
18/09/09 12:31:08 INFO mapreduce.Job:  map 70% reduce 0%
18/09/09 12:31:10 INFO mapreduce.Job:  map 80% reduce 0%
18/09/09 12:31:13 INFO mapreduce.Job:  map 83% reduce 0%
18/09/09 12:31:17 INFO mapreduce.Job:  map 87% reduce 0%
18/09/09 12:31:20 INFO mapreduce.Job:  map 87% reduce 10%
18/09/09 12:31:21 INFO mapreduce.Job:  map 87% reduce 16%
18/09/09 12:31:23 INFO mapreduce.Job:  map 90% reduce 16%
18/09/09 12:31:24 INFO mapreduce.Job:  map 90% reduce 22%
18/09/09 12:31:26 INFO mapreduce.Job:  map 90% reduce 23%
18/09/09 12:31:27 INFO mapreduce.Job:  map 97% reduce 23%
18/09/09 12:31:28 INFO mapreduce.Job:  map 100% reduce 23%
18/09/09 12:31:29 INFO mapreduce.Job:  map 100% reduce 43%
18/09/09 12:31:30 INFO mapreduce.Job:  map 100% reduce 69%
18/09/09 12:31:31 INFO mapreduce.Job:  map 100% reduce 97%
18/09/09 12:31:36 INFO mapreduce.Job:  map 100% reduce 100%
18/09/09 12:31:37 INFO mapreduce.Job: Job job_1524406905265_2560 completed successfully
18/09/09 12:31:38 INFO mapreduce.Job: Counters: 50
	File System Counters
		FILE: Number of bytes read=137958672
		FILE: Number of bytes written=278931694
		FILE: Number of read operations=0
		FILE: Number of large read operations=0
		FILE: Number of write operations=0
		HDFS: Number of bytes read=132335560
		HDFS: Number of bytes written=60988100
		HDFS: Number of read operations=60
		HDFS: Number of large read operations=0
		HDFS: Number of write operations=20
	Job Counters 
		Launched map tasks=10
		Launched reduce tasks=10
		Data-local map tasks=4
		Rack-local map tasks=6
		Total time spent by all maps in occupied slots (ms)=2602800
		Total time spent by all reduces in occupied slots (ms)=2458476
		Total time spent by all map tasks (ms)=433800
		Total time spent by all reduce tasks (ms)=204873
		Total vcore-milliseconds taken by all map tasks=433800
		Total vcore-milliseconds taken by all reduce tasks=204873
		Total megabyte-milliseconds taken by all map tasks=2665267200
		Total megabyte-milliseconds taken by all reduce tasks=2517479424
	Map-Reduce Framework
		Map input records=214997
		Map output records=68185626
		Map output bytes=1666609926
		Map output materialized bytes=137959212
		Input split bytes=1370
		Combine input records=68185626
		Combine output records=4242044
		Reduce input groups=1950677
		Reduce shuffle bytes=137959212
		Reduce input records=4242044
		Reduce output records=1950667
		Spilled Records=8484088
		Shuffled Maps =100
		Failed Shuffles=0
		Merged Map outputs=100
		GC time elapsed (ms)=8813
		CPU time spent (ms)=463080
		Physical memory (bytes) snapshot=19672076288
		Virtual memory (bytes) snapshot=194955403264
		Total committed heap usage (bytes)=19542310912
	Shuffle Errors
		BAD_ID=0
		CONNECTION=0
		IO_ERROR=0
		WRONG_LENGTH=0
		WRONG_MAP=0
		WRONG_REDUCE=0
	File Input Format Counters 
		Bytes Read=132334190
	File Output Format Counters 
		Bytes Written=60988100
18/09/09 12:31:38 INFO streaming.StreamJob: Output directory: /user/kmkaran212/output
SLF4J: Class path contains multiple SLF4J bindings.
SLF4J: Found binding in [jar:file:/usr/hdp/2.6.1.0-129/hadoop/lib/slf4j-log4j12-1.7.10.jar!/org/slf4j/impl/StaticLoggerBinder.class]
SLF4J: Found binding in [jar:file:/usr/hdp/2.6.1.0-129/hadoop-mapreduce/lib/giraph-examples-1.3.0-SNAPSHOT-for-hadoop-2.7.3-jar-with-dependencies.jar!/org/slf4j/impl/StaticLoggerBinder.class]
SLF4J: See http://www.slf4j.org/codes.html#multiple_bindings for an explanation.
SLF4J: Actual binding is of type [org.slf4j.impl.Log4jLoggerFactory]
SLF4J: Class path contains multiple SLF4J bindings.
SLF4J: Found binding in [jar:file:/usr/hdp/2.6.1.0-129/hadoop/lib/slf4j-log4j12-1.7.10.jar!/org/slf4j/impl/StaticLoggerBinder.class]
SLF4J: Found binding in [jar:file:/usr/hdp/2.6.1.0-129/hadoop-mapreduce/lib/giraph-examples-1.3.0-SNAPSHOT-for-hadoop-2.7.3-jar-with-dependencies.jar!/org/slf4j/impl/StaticLoggerBinder.class]
SLF4J: See http://www.slf4j.org/codes.html#multiple_bindings for an explanation.
SLF4J: Actual binding is of type [org.slf4j.impl.Log4jLoggerFactory]
SLF4J: Class path contains multiple SLF4J bindings.
SLF4J: Found binding in [jar:file:/usr/hdp/2.6.1.0-129/hadoop/lib/slf4j-log4j12-1.7.10.jar!/org/slf4j/impl/StaticLoggerBinder.class]
SLF4J: Found binding in [jar:file:/usr/hdp/2.6.1.0-129/hadoop-mapreduce/lib/giraph-examples-1.3.0-SNAPSHOT-for-hadoop-2.7.3-jar-with-dependencies.jar!/org/slf4j/impl/StaticLoggerBinder.class]
SLF4J: See http://www.slf4j.org/codes.html#multiple_bindings for an explanation.
SLF4J: Actual binding is of type [org.slf4j.impl.Log4jLoggerFactory]
18/09/09 12:31:50 INFO fs.TrashPolicyDefault: Moved: 'hdfs://turing.cds.iisc.ac.in:8020/user/kmkaran212/output' to trash at: hdfs://turing.cds.iisc.ac.in:8020/user/kmkaran212/.Trash/Current/user/kmkaran212/output
