Job Name:	streamjob4988046564456825879.jar
User Name:	kmkaran212
Queue:	default
State:	SUCCEEDED
Uberized:	false
Submitted:	Sun Sep 09 13:02:20 IST 2018
Started:	Sun Sep 09 13:02:00 IST 2018
Finished:	Sun Sep 09 13:05:08 IST 2018
Elapsed:	3mins, 8sec
Diagnostics:	
Average Map Time	2mins, 49sec
Average Shuffle Time	16sec
Average Merge Time	0sec
Average Reduce Time	5sec



SLF4J: Class path contains multiple SLF4J bindings.
SLF4J: Found binding in [jar:file:/usr/hdp/2.6.1.0-129/hadoop/lib/slf4j-log4j12-1.7.10.jar!/org/slf4j/impl/StaticLoggerBinder.class]
SLF4J: Found binding in [jar:file:/usr/hdp/2.6.1.0-129/hadoop-mapreduce/lib/giraph-examples-1.3.0-SNAPSHOT-for-hadoop-2.7.3-jar-with-dependencies.jar!/org/slf4j/impl/StaticLoggerBinder.class]
SLF4J: See http://www.slf4j.org/codes.html#multiple_bindings for an explanation.
SLF4J: Actual binding is of type [org.slf4j.impl.Log4jLoggerFactory]
18/09/09 13:02:09 INFO fs.TrashPolicyDefault: Moved: 'hdfs://turing.cds.iisc.ac.in:8020/user/kmkaran212/results/full_test_id.txt' to trash at: hdfs://turing.cds.iisc.ac.in:8020/user/kmkaran212/.Trash/Current/user/kmkaran212/results/full_test_id.txt
18/09/09 13:02:10 INFO fs.TrashPolicyDefault: Moved: 'hdfs://turing.cds.iisc.ac.in:8020/user/kmkaran212/results/out.txt' to trash at: hdfs://turing.cds.iisc.ac.in:8020/user/kmkaran212/.Trash/Current/user/kmkaran212/results/out.txt
18/09/09 13:02:10 INFO fs.TrashPolicyDefault: Moved: 'hdfs://turing.cds.iisc.ac.in:8020/user/kmkaran212/results/out1.txt' to trash at: hdfs://turing.cds.iisc.ac.in:8020/user/kmkaran212/.Trash/Current/user/kmkaran212/results/out1.txt
18/09/09 13:02:10 INFO fs.TrashPolicyDefault: Moved: 'hdfs://turing.cds.iisc.ac.in:8020/user/kmkaran212/results/out2.txt' to trash at: hdfs://turing.cds.iisc.ac.in:8020/user/kmkaran212/.Trash/Current/user/kmkaran212/results/out2.txt
18/09/09 13:02:10 INFO fs.TrashPolicyDefault: Moved: 'hdfs://turing.cds.iisc.ac.in:8020/user/kmkaran212/results/out3.txt' to trash at: hdfs://turing.cds.iisc.ac.in:8020/user/kmkaran212/.Trash/Current/user/kmkaran212/results/out3.txt
18/09/09 13:02:10 INFO fs.TrashPolicyDefault: Moved: 'hdfs://turing.cds.iisc.ac.in:8020/user/kmkaran212/results/out4.txt' to trash at: hdfs://turing.cds.iisc.ac.in:8020/user/kmkaran212/.Trash/Current/user/kmkaran212/results/out4.txt
SLF4J: Class path contains multiple SLF4J bindings.
SLF4J: Found binding in [jar:file:/usr/hdp/2.6.1.0-129/hadoop/lib/slf4j-log4j12-1.7.10.jar!/org/slf4j/impl/StaticLoggerBinder.class]
SLF4J: Found binding in [jar:file:/usr/hdp/2.6.1.0-129/hadoop-mapreduce/lib/giraph-examples-1.3.0-SNAPSHOT-for-hadoop-2.7.3-jar-with-dependencies.jar!/org/slf4j/impl/StaticLoggerBinder.class]
SLF4J: See http://www.slf4j.org/codes.html#multiple_bindings for an explanation.
SLF4J: Actual binding is of type [org.slf4j.impl.Log4jLoggerFactory]
18/09/09 13:02:12 INFO fs.TrashPolicyDefault: Moved: 'hdfs://turing.cds.iisc.ac.in:8020/user/kmkaran212/output' to trash at: hdfs://turing.cds.iisc.ac.in:8020/user/kmkaran212/.Trash/Current/user/kmkaran212/output1536478332557
SLF4J: Class path contains multiple SLF4J bindings.
SLF4J: Found binding in [jar:file:/usr/hdp/2.6.1.0-129/hadoop/lib/slf4j-log4j12-1.7.10.jar!/org/slf4j/impl/StaticLoggerBinder.class]
SLF4J: Found binding in [jar:file:/usr/hdp/2.6.1.0-129/hadoop-mapreduce/lib/giraph-examples-1.3.0-SNAPSHOT-for-hadoop-2.7.3-jar-with-dependencies.jar!/org/slf4j/impl/StaticLoggerBinder.class]
SLF4J: See http://www.slf4j.org/codes.html#multiple_bindings for an explanation.
SLF4J: Actual binding is of type [org.slf4j.impl.Log4jLoggerFactory]
Deleted /user/kmkaran212/.Trash
SLF4J: Class path contains multiple SLF4J bindings.
SLF4J: Found binding in [jar:file:/usr/hdp/2.6.1.0-129/hadoop/lib/slf4j-log4j12-1.7.10.jar!/org/slf4j/impl/StaticLoggerBinder.class]
SLF4J: Found binding in [jar:file:/usr/hdp/2.6.1.0-129/hadoop-mapreduce/lib/giraph-examples-1.3.0-SNAPSHOT-for-hadoop-2.7.3-jar-with-dependencies.jar!/org/slf4j/impl/StaticLoggerBinder.class]
SLF4J: See http://www.slf4j.org/codes.html#multiple_bindings for an explanation.
SLF4J: Actual binding is of type [org.slf4j.impl.Log4jLoggerFactory]
packageJobJar: [] [/usr/hdp/2.6.1.0-129/hadoop-mapreduce/hadoop-streaming-2.7.3.2.6.1.0-129.jar] /tmp/streamjob4988046564456825879.jar tmpDir=null
18/09/09 13:02:17 INFO client.RMProxy: Connecting to ResourceManager at turing.cds.iisc.ac.in/10.24.1.32:8050
18/09/09 13:02:17 INFO client.AHSProxy: Connecting to Application History server at turing.cds.iisc.ac.in/10.24.1.32:10200
18/09/09 13:02:18 INFO client.RMProxy: Connecting to ResourceManager at turing.cds.iisc.ac.in/10.24.1.32:8050
18/09/09 13:02:18 INFO client.AHSProxy: Connecting to Application History server at turing.cds.iisc.ac.in/10.24.1.32:10200
18/09/09 13:02:19 INFO mapred.FileInputFormat: Total input paths to process : 1
18/09/09 13:02:20 INFO mapreduce.JobSubmitter: number of splits:2
18/09/09 13:02:20 INFO mapreduce.JobSubmitter: Submitting tokens for job: job_1524406905265_2580
18/09/09 13:02:20 INFO impl.YarnClientImpl: Submitted application application_1524406905265_2580
18/09/09 13:02:20 INFO mapreduce.Job: The url to track the job: http://turing.cds.iisc.ac.in:8088/proxy/application_1524406905265_2580/
18/09/09 13:02:20 INFO mapreduce.Job: Running job: job_1524406905265_2580
18/09/09 13:02:28 INFO mapreduce.Job: Job job_1524406905265_2580 running in uber mode : false
18/09/09 13:02:28 INFO mapreduce.Job:  map 0% reduce 0%
18/09/09 13:02:40 INFO mapreduce.Job:  map 3% reduce 0%
18/09/09 13:02:43 INFO mapreduce.Job:  map 5% reduce 0%
18/09/09 13:02:46 INFO mapreduce.Job:  map 10% reduce 0%
18/09/09 13:02:49 INFO mapreduce.Job:  map 13% reduce 0%
18/09/09 13:02:53 INFO mapreduce.Job:  map 17% reduce 0%
18/09/09 13:02:55 INFO mapreduce.Job:  map 21% reduce 0%
18/09/09 13:02:58 INFO mapreduce.Job:  map 23% reduce 0%
18/09/09 13:02:59 INFO mapreduce.Job:  map 25% reduce 0%
18/09/09 13:03:01 INFO mapreduce.Job:  map 26% reduce 0%
18/09/09 13:03:02 INFO mapreduce.Job:  map 28% reduce 0%
18/09/09 13:03:04 INFO mapreduce.Job:  map 30% reduce 0%
18/09/09 13:03:05 INFO mapreduce.Job:  map 32% reduce 0%
18/09/09 13:03:07 INFO mapreduce.Job:  map 36% reduce 0%
18/09/09 13:03:10 INFO mapreduce.Job:  map 39% reduce 0%
18/09/09 13:03:13 INFO mapreduce.Job:  map 43% reduce 0%
18/09/09 13:03:17 INFO mapreduce.Job:  map 47% reduce 0%
18/09/09 13:03:20 INFO mapreduce.Job:  map 51% reduce 0%
18/09/09 13:03:23 INFO mapreduce.Job:  map 55% reduce 0%
18/09/09 13:03:26 INFO mapreduce.Job:  map 58% reduce 0%
18/09/09 13:03:29 INFO mapreduce.Job:  map 62% reduce 0%
18/09/09 13:03:32 INFO mapreduce.Job:  map 63% reduce 0%
18/09/09 13:03:35 INFO mapreduce.Job:  map 65% reduce 0%
18/09/09 13:03:38 INFO mapreduce.Job:  map 67% reduce 0%
18/09/09 13:05:11 INFO mapreduce.Job:  map 83% reduce 0%
18/09/09 13:05:23 INFO mapreduce.Job:  map 83% reduce 8%
18/09/09 13:05:24 INFO mapreduce.Job:  map 83% reduce 17%
18/09/09 13:05:29 INFO mapreduce.Job:  map 100% reduce 17%
18/09/09 13:05:30 INFO mapreduce.Job:  map 100% reduce 42%
18/09/09 13:05:32 INFO mapreduce.Job:  map 100% reduce 68%
18/09/09 13:05:33 INFO mapreduce.Job:  map 100% reduce 77%
18/09/09 13:05:35 INFO mapreduce.Job:  map 100% reduce 89%
18/09/09 13:05:36 INFO mapreduce.Job:  map 100% reduce 100%
18/09/09 13:05:37 INFO mapreduce.Job: Job job_1524406905265_2580 completed successfully
18/09/09 13:05:38 INFO mapreduce.Job: Counters: 50
	File System Counters
		FILE: Number of bytes read=81076886
		FILE: Number of bytes written=162756158
		FILE: Number of read operations=0
		FILE: Number of large read operations=0
		FILE: Number of write operations=0
		HDFS: Number of bytes read=131308644
		HDFS: Number of bytes written=60990274
		HDFS: Number of read operations=12
		HDFS: Number of large read operations=0
		HDFS: Number of write operations=4
	Job Counters 
		Launched map tasks=2
		Launched reduce tasks=2
		Data-local map tasks=1
		Rack-local map tasks=1
		Total time spent by all maps in occupied slots (ms)=2037480
		Total time spent by all reduces in occupied slots (ms)=541080
		Total time spent by all map tasks (ms)=339580
		Total time spent by all reduce tasks (ms)=45090
		Total vcore-milliseconds taken by all map tasks=339580
		Total vcore-milliseconds taken by all reduce tasks=45090
		Total megabyte-milliseconds taken by all map tasks=2086379520
		Total megabyte-milliseconds taken by all reduce tasks=554065920
	Map-Reduce Framework
		Map input records=214997
		Map output records=68185626
		Map output bytes=1666609926
		Map output materialized bytes=81076898
		Input split bytes=274
		Combine input records=68185626
		Combine output records=2452747
		Reduce input groups=1950735
		Reduce shuffle bytes=81076898
		Reduce input records=2452747
		Reduce output records=1950733
		Spilled Records=4905494
		Shuffled Maps =4
		Failed Shuffles=0
		Merged Map outputs=4
		GC time elapsed (ms)=2575
		CPU time spent (ms)=472150
		Physical memory (bytes) snapshot=5783363584
		Virtual memory (bytes) snapshot=38998548480
		Total committed heap usage (bytes)=6172966912
	Shuffle Errors
		BAD_ID=0
		CONNECTION=0
		IO_ERROR=0
		WRONG_LENGTH=0
		WRONG_MAP=0
		WRONG_REDUCE=0
	File Input Format Counters 
		Bytes Read=131308370
	File Output Format Counters 
		Bytes Written=60990274
18/09/09 13:05:38 INFO streaming.StreamJob: Output directory: /user/kmkaran212/output
SLF4J: Class path contains multiple SLF4J bindings.
SLF4J: Found binding in [jar:file:/usr/hdp/2.6.1.0-129/hadoop/lib/slf4j-log4j12-1.7.10.jar!/org/slf4j/impl/StaticLoggerBinder.class]
SLF4J: Found binding in [jar:file:/usr/hdp/2.6.1.0-129/hadoop-mapreduce/lib/giraph-examples-1.3.0-SNAPSHOT-for-hadoop-2.7.3-jar-with-dependencies.jar!/org/slf4j/impl/StaticLoggerBinder.class]
SLF4J: See http://www.slf4j.org/codes.html#multiple_bindings for an explanation.
SLF4J: Actual binding is of type [org.slf4j.impl.Log4jLoggerFactory]
SLF4J: Class path contains multiple SLF4J bindings.
SLF4J: Found binding in [jar:file:/usr/hdp/2.6.1.0-129/hadoop/lib/slf4j-log4j12-1.7.10.jar!/org/slf4j/impl/StaticLoggerBinder.class]
SLF4J: Found binding in [jar:file:/usr/hdp/2.6.1.0-129/hadoop-mapreduce/lib/giraph-examples-1.3.0-SNAPSHOT-for-hadoop-2.7.3-jar-with-dependencies.jar!/org/slf4j/impl/StaticLoggerBinder.class]
SLF4J: See http://www.slf4j.org/codes.html#multiple_bindings for an explanation.
SLF4J: Actual binding is of type [org.slf4j.impl.Log4jLoggerFactory]
SLF4J: Class path contains multiple SLF4J bindings.
SLF4J: Found binding in [jar:file:/usr/hdp/2.6.1.0-129/hadoop/lib/slf4j-log4j12-1.7.10.jar!/org/slf4j/impl/StaticLoggerBinder.class]
SLF4J: Found binding in [jar:file:/usr/hdp/2.6.1.0-129/hadoop-mapreduce/lib/giraph-examples-1.3.0-SNAPSHOT-for-hadoop-2.7.3-jar-with-dependencies.jar!/org/slf4j/impl/StaticLoggerBinder.class]
SLF4J: See http://www.slf4j.org/codes.html#multiple_bindings for an explanation.
SLF4J: Actual binding is of type [org.slf4j.impl.Log4jLoggerFactory]
18/09/09 13:05:50 INFO fs.TrashPolicyDefault: Moved: 'hdfs://turing.cds.iisc.ac.in:8020/user/kmkaran212/output' to trash at: hdfs://turing.cds.iisc.ac.in:8020/user/kmkaran212/.Trash/Current/user/kmkaran212/output
