Job Name:	streamjob4355014491300026976.jar
User Name:	kmkaran212
Queue:	default
State:	SUCCEEDED
Uberized:	false
Submitted:	Sun Sep 09 12:16:40 IST 2018
Started:	Sun Sep 09 12:16:19 IST 2018
Finished:	Sun Sep 09 12:17:31 IST 2018
Elapsed:	1mins, 11sec
Diagnostics:	
Average Map Time	54sec
Average Shuffle Time	18sec
Average Merge Time	0sec
Average Reduce Time	2sec


SLF4J: Class path contains multiple SLF4J bindings.
SLF4J: Found binding in [jar:file:/usr/hdp/2.6.1.0-129/hadoop/lib/slf4j-log4j12-1.7.10.jar!/org/slf4j/impl/StaticLoggerBinder.class]
SLF4J: Found binding in [jar:file:/usr/hdp/2.6.1.0-129/hadoop-mapreduce/lib/giraph-examples-1.3.0-SNAPSHOT-for-hadoop-2.7.3-jar-with-dependencies.jar!/org/slf4j/impl/StaticLoggerBinder.class]
SLF4J: See http://www.slf4j.org/codes.html#multiple_bindings for an explanation.
SLF4J: Actual binding is of type [org.slf4j.impl.Log4jLoggerFactory]
18/09/09 12:16:32 INFO fs.TrashPolicyDefault: Moved: 'hdfs://turing.cds.iisc.ac.in:8020/user/kmkaran212/results/full_test_id.txt' to trash at: hdfs://turing.cds.iisc.ac.in:8020/user/kmkaran212/.Trash/Current/user/kmkaran212/results/full_test_id.txt
18/09/09 12:16:32 INFO fs.TrashPolicyDefault: Moved: 'hdfs://turing.cds.iisc.ac.in:8020/user/kmkaran212/results/out.txt' to trash at: hdfs://turing.cds.iisc.ac.in:8020/user/kmkaran212/.Trash/Current/user/kmkaran212/results/out.txt
18/09/09 12:16:32 INFO fs.TrashPolicyDefault: Moved: 'hdfs://turing.cds.iisc.ac.in:8020/user/kmkaran212/results/out1.txt' to trash at: hdfs://turing.cds.iisc.ac.in:8020/user/kmkaran212/.Trash/Current/user/kmkaran212/results/out1.txt
18/09/09 12:16:32 INFO fs.TrashPolicyDefault: Moved: 'hdfs://turing.cds.iisc.ac.in:8020/user/kmkaran212/results/out2.txt' to trash at: hdfs://turing.cds.iisc.ac.in:8020/user/kmkaran212/.Trash/Current/user/kmkaran212/results/out2.txt
18/09/09 12:16:32 INFO fs.TrashPolicyDefault: Moved: 'hdfs://turing.cds.iisc.ac.in:8020/user/kmkaran212/results/out3.txt' to trash at: hdfs://turing.cds.iisc.ac.in:8020/user/kmkaran212/.Trash/Current/user/kmkaran212/results/out3.txt
18/09/09 12:16:32 INFO fs.TrashPolicyDefault: Moved: 'hdfs://turing.cds.iisc.ac.in:8020/user/kmkaran212/results/out4.txt' to trash at: hdfs://turing.cds.iisc.ac.in:8020/user/kmkaran212/.Trash/Current/user/kmkaran212/results/out4.txt
SLF4J: Class path contains multiple SLF4J bindings.
SLF4J: Found binding in [jar:file:/usr/hdp/2.6.1.0-129/hadoop/lib/slf4j-log4j12-1.7.10.jar!/org/slf4j/impl/StaticLoggerBinder.class]
SLF4J: Found binding in [jar:file:/usr/hdp/2.6.1.0-129/hadoop-mapreduce/lib/giraph-examples-1.3.0-SNAPSHOT-for-hadoop-2.7.3-jar-with-dependencies.jar!/org/slf4j/impl/StaticLoggerBinder.class]
SLF4J: See http://www.slf4j.org/codes.html#multiple_bindings for an explanation.
SLF4J: Actual binding is of type [org.slf4j.impl.Log4jLoggerFactory]
18/09/09 12:16:34 INFO fs.TrashPolicyDefault: Moved: 'hdfs://turing.cds.iisc.ac.in:8020/user/kmkaran212/output' to trash at: hdfs://turing.cds.iisc.ac.in:8020/user/kmkaran212/.Trash/Current/user/kmkaran212/output
SLF4J: Class path contains multiple SLF4J bindings.
SLF4J: Found binding in [jar:file:/usr/hdp/2.6.1.0-129/hadoop/lib/slf4j-log4j12-1.7.10.jar!/org/slf4j/impl/StaticLoggerBinder.class]
SLF4J: Found binding in [jar:file:/usr/hdp/2.6.1.0-129/hadoop-mapreduce/lib/giraph-examples-1.3.0-SNAPSHOT-for-hadoop-2.7.3-jar-with-dependencies.jar!/org/slf4j/impl/StaticLoggerBinder.class]
SLF4J: See http://www.slf4j.org/codes.html#multiple_bindings for an explanation.
SLF4J: Actual binding is of type [org.slf4j.impl.Log4jLoggerFactory]
Deleted /user/kmkaran212/.Trash
SLF4J: Class path contains multiple SLF4J bindings.
SLF4J: Found binding in [jar:file:/usr/hdp/2.6.1.0-129/hadoop/lib/slf4j-log4j12-1.7.10.jar!/org/slf4j/impl/StaticLoggerBinder.class]
SLF4J: Found binding in [jar:file:/usr/hdp/2.6.1.0-129/hadoop-mapreduce/lib/giraph-examples-1.3.0-SNAPSHOT-for-hadoop-2.7.3-jar-with-dependencies.jar!/org/slf4j/impl/StaticLoggerBinder.class]
SLF4J: See http://www.slf4j.org/codes.html#multiple_bindings for an explanation.
SLF4J: Actual binding is of type [org.slf4j.impl.Log4jLoggerFactory]
packageJobJar: [] [/usr/hdp/2.6.1.0-129/hadoop-mapreduce/hadoop-streaming-2.7.3.2.6.1.0-129.jar] /tmp/streamjob4355014491300026976.jar tmpDir=null
18/09/09 12:16:38 INFO client.RMProxy: Connecting to ResourceManager at turing.cds.iisc.ac.in/10.24.1.32:8050
18/09/09 12:16:38 INFO client.AHSProxy: Connecting to Application History server at turing.cds.iisc.ac.in/10.24.1.32:10200
18/09/09 12:16:38 INFO client.RMProxy: Connecting to ResourceManager at turing.cds.iisc.ac.in/10.24.1.32:8050
18/09/09 12:16:38 INFO client.AHSProxy: Connecting to Application History server at turing.cds.iisc.ac.in/10.24.1.32:10200
18/09/09 12:16:39 INFO mapred.FileInputFormat: Total input paths to process : 1
18/09/09 12:16:39 INFO mapreduce.JobSubmitter: number of splits:8
18/09/09 12:16:39 INFO mapreduce.JobSubmitter: Submitting tokens for job: job_1524406905265_2552
18/09/09 12:16:40 INFO impl.YarnClientImpl: Submitted application application_1524406905265_2552
18/09/09 12:16:40 INFO mapreduce.Job: The url to track the job: http://turing.cds.iisc.ac.in:8088/proxy/application_1524406905265_2552/
18/09/09 12:16:40 INFO mapreduce.Job: Running job: job_1524406905265_2552
18/09/09 12:16:48 INFO mapreduce.Job: Job job_1524406905265_2552 running in uber mode : false
18/09/09 12:16:48 INFO mapreduce.Job:  map 0% reduce 0%
18/09/09 12:16:59 INFO mapreduce.Job:  map 2% reduce 0%
18/09/09 12:17:00 INFO mapreduce.Job:  map 7% reduce 0%
18/09/09 12:17:02 INFO mapreduce.Job:  map 16% reduce 0%
18/09/09 12:17:03 INFO mapreduce.Job:  map 22% reduce 0%
18/09/09 12:17:05 INFO mapreduce.Job:  map 29% reduce 0%
18/09/09 12:17:06 INFO mapreduce.Job:  map 35% reduce 0%
18/09/09 12:17:08 INFO mapreduce.Job:  map 42% reduce 0%
18/09/09 12:17:09 INFO mapreduce.Job:  map 48% reduce 0%
18/09/09 12:17:11 INFO mapreduce.Job:  map 54% reduce 0%
18/09/09 12:17:12 INFO mapreduce.Job:  map 57% reduce 0%
18/09/09 12:17:14 INFO mapreduce.Job:  map 62% reduce 0%
18/09/09 12:17:17 INFO mapreduce.Job:  map 67% reduce 0%
18/09/09 12:17:35 INFO mapreduce.Job:  map 71% reduce 0%
18/09/09 12:17:36 INFO mapreduce.Job:  map 75% reduce 0%
18/09/09 12:17:37 INFO mapreduce.Job:  map 83% reduce 0%
18/09/09 12:17:47 INFO mapreduce.Job:  map 83% reduce 13%
18/09/09 12:17:48 INFO mapreduce.Job:  map 88% reduce 15%
18/09/09 12:17:50 INFO mapreduce.Job:  map 88% reduce 18%
18/09/09 12:17:51 INFO mapreduce.Job:  map 88% reduce 21%
18/09/09 12:17:54 INFO mapreduce.Job:  map 92% reduce 21%
18/09/09 12:17:55 INFO mapreduce.Job:  map 96% reduce 21%
18/09/09 12:17:56 INFO mapreduce.Job:  map 100% reduce 27%
18/09/09 12:17:57 INFO mapreduce.Job:  map 100% reduce 29%
18/09/09 12:17:59 INFO mapreduce.Job:  map 100% reduce 100%
18/09/09 12:18:00 INFO mapreduce.Job: Job job_1524406905265_2552 completed successfully
18/09/09 12:18:00 INFO mapreduce.Job: Counters: 50
	File System Counters
		FILE: Number of bytes read=128317547
		FILE: Number of bytes written=259046078
		FILE: Number of read operations=0
		FILE: Number of large read operations=0
		FILE: Number of write operations=0
		HDFS: Number of bytes read=132095155
		HDFS: Number of bytes written=60988801
		HDFS: Number of read operations=48
		HDFS: Number of large read operations=0
		HDFS: Number of write operations=16
	Job Counters 
		Launched map tasks=8
		Launched reduce tasks=8
		Data-local map tasks=4
		Rack-local map tasks=4
		Total time spent by all maps in occupied slots (ms)=2609406
		Total time spent by all reduces in occupied slots (ms)=2060532
		Total time spent by all map tasks (ms)=434901
		Total time spent by all reduce tasks (ms)=171711
		Total vcore-milliseconds taken by all map tasks=434901
		Total vcore-milliseconds taken by all reduce tasks=171711
		Total megabyte-milliseconds taken by all map tasks=2672031744
		Total megabyte-milliseconds taken by all reduce tasks=2109984768
	Map-Reduce Framework
		Map input records=214997
		Map output records=68185626
		Map output bytes=1666609926
		Map output materialized bytes=128317883
		Input split bytes=1096
		Combine input records=68185626
		Combine output records=3936520
		Reduce input groups=1950697
		Reduce shuffle bytes=128317883
		Reduce input records=3936520
		Reduce output records=1950689
		Spilled Records=7873040
		Shuffled Maps =64
		Failed Shuffles=0
		Merged Map outputs=64
		GC time elapsed (ms)=12782
		CPU time spent (ms)=501230
		Physical memory (bytes) snapshot=21743824896
		Virtual memory (bytes) snapshot=155937079296
		Total committed heap usage (bytes)=22326280192
	Shuffle Errors
		BAD_ID=0
		CONNECTION=0
		IO_ERROR=0
		WRONG_LENGTH=0
		WRONG_MAP=0
		WRONG_REDUCE=0
	File Input Format Counters 
		Bytes Read=132094059
	File Output Format Counters 
		Bytes Written=60988801
18/09/09 12:18:00 INFO streaming.StreamJob: Output directory: /user/kmkaran212/output
SLF4J: Class path contains multiple SLF4J bindings.
SLF4J: Found binding in [jar:file:/usr/hdp/2.6.1.0-129/hadoop/lib/slf4j-log4j12-1.7.10.jar!/org/slf4j/impl/StaticLoggerBinder.class]
SLF4J: Found binding in [jar:file:/usr/hdp/2.6.1.0-129/hadoop-mapreduce/lib/giraph-examples-1.3.0-SNAPSHOT-for-hadoop-2.7.3-jar-with-dependencies.jar!/org/slf4j/impl/StaticLoggerBinder.class]
SLF4J: See http://www.slf4j.org/codes.html#multiple_bindings for an explanation.
SLF4J: Actual binding is of type [org.slf4j.impl.Log4jLoggerFactory]
SLF4J: Class path contains multiple SLF4J bindings.
SLF4J: Found binding in [jar:file:/usr/hdp/2.6.1.0-129/hadoop/lib/slf4j-log4j12-1.7.10.jar!/org/slf4j/impl/StaticLoggerBinder.class]
SLF4J: Found binding in [jar:file:/usr/hdp/2.6.1.0-129/hadoop-mapreduce/lib/giraph-examples-1.3.0-SNAPSHOT-for-hadoop-2.7.3-jar-with-dependencies.jar!/org/slf4j/impl/StaticLoggerBinder.class]
SLF4J: See http://www.slf4j.org/codes.html#multiple_bindings for an explanation.
SLF4J: Actual binding is of type [org.slf4j.impl.Log4jLoggerFactory]
SLF4J: Class path contains multiple SLF4J bindings.
SLF4J: Found binding in [jar:file:/usr/hdp/2.6.1.0-129/hadoop/lib/slf4j-log4j12-1.7.10.jar!/org/slf4j/impl/StaticLoggerBinder.class]
SLF4J: Found binding in [jar:file:/usr/hdp/2.6.1.0-129/hadoop-mapreduce/lib/giraph-examples-1.3.0-SNAPSHOT-for-hadoop-2.7.3-jar-with-dependencies.jar!/org/slf4j/impl/StaticLoggerBinder.class]
SLF4J: See http://www.slf4j.org/codes.html#multiple_bindings for an explanation.
SLF4J: Actual binding is of type [org.slf4j.impl.Log4jLoggerFactory]
18/09/09 12:18:12 INFO fs.TrashPolicyDefault: Moved: 'hdfs://turing.cds.iisc.ac.in:8020/user/kmkaran212/output' to trash at: hdfs://turing.cds.iisc.ac.in:8020/user/kmkaran212/.Trash/Current/user/kmkaran212/output
