Job Name:	streamjob6152089564337832845.jar
User Name:	kmkaran212
Queue:	default
State:	SUCCEEDED
Uberized:	false
Submitted:	Sat Sep 08 17:32:19 IST 2018
Started:	Sat Sep 08 17:31:58 IST 2018
Finished:	Sat Sep 08 17:33:39 IST 2018
Elapsed:	1mins, 41sec
Diagnostics:	
Average Map Time	1mins, 25sec
Average Shuffle Time	13sec
Average Merge Time	0sec
Average Reduce Time	3sec



SLF4J: Class path contains multiple SLF4J bindings.
SLF4J: Found binding in [jar:file:/usr/hdp/2.6.1.0-129/hadoop/lib/slf4j-log4j12-1.7.10.jar!/org/slf4j/impl/StaticLoggerBinder.class]
SLF4J: Found binding in [jar:file:/usr/hdp/2.6.1.0-129/hadoop-mapreduce/lib/giraph-examples-1.3.0-SNAPSHOT-for-hadoop-2.7.3-jar-with-dependencies.jar!/org/slf4j/impl/StaticLoggerBinder.class]
SLF4J: See http://www.slf4j.org/codes.html#multiple_bindings for an explanation.
SLF4J: Actual binding is of type [org.slf4j.impl.Log4jLoggerFactory]
18/09/08 17:32:11 INFO fs.TrashPolicyDefault: Moved: 'hdfs://turing.cds.iisc.ac.in:8020/user/kmkaran212/results/full_test_id.txt' to trash at: hdfs://turing.cds.iisc.ac.in:8020/user/kmkaran212/.Trash/Current/user/kmkaran212/results/full_test_id.txt
18/09/08 17:32:11 INFO fs.TrashPolicyDefault: Moved: 'hdfs://turing.cds.iisc.ac.in:8020/user/kmkaran212/results/out.txt' to trash at: hdfs://turing.cds.iisc.ac.in:8020/user/kmkaran212/.Trash/Current/user/kmkaran212/results/out.txt
18/09/08 17:32:11 INFO fs.TrashPolicyDefault: Moved: 'hdfs://turing.cds.iisc.ac.in:8020/user/kmkaran212/results/out1.txt' to trash at: hdfs://turing.cds.iisc.ac.in:8020/user/kmkaran212/.Trash/Current/user/kmkaran212/results/out1.txt
18/09/08 17:32:11 INFO fs.TrashPolicyDefault: Moved: 'hdfs://turing.cds.iisc.ac.in:8020/user/kmkaran212/results/out2.txt' to trash at: hdfs://turing.cds.iisc.ac.in:8020/user/kmkaran212/.Trash/Current/user/kmkaran212/results/out2.txt
18/09/08 17:32:11 INFO fs.TrashPolicyDefault: Moved: 'hdfs://turing.cds.iisc.ac.in:8020/user/kmkaran212/results/out3.txt' to trash at: hdfs://turing.cds.iisc.ac.in:8020/user/kmkaran212/.Trash/Current/user/kmkaran212/results/out3.txt
18/09/08 17:32:11 INFO fs.TrashPolicyDefault: Moved: 'hdfs://turing.cds.iisc.ac.in:8020/user/kmkaran212/results/out4.txt' to trash at: hdfs://turing.cds.iisc.ac.in:8020/user/kmkaran212/.Trash/Current/user/kmkaran212/results/out4.txt
SLF4J: Class path contains multiple SLF4J bindings.
SLF4J: Found binding in [jar:file:/usr/hdp/2.6.1.0-129/hadoop/lib/slf4j-log4j12-1.7.10.jar!/org/slf4j/impl/StaticLoggerBinder.class]
SLF4J: Found binding in [jar:file:/usr/hdp/2.6.1.0-129/hadoop-mapreduce/lib/giraph-examples-1.3.0-SNAPSHOT-for-hadoop-2.7.3-jar-with-dependencies.jar!/org/slf4j/impl/StaticLoggerBinder.class]
SLF4J: See http://www.slf4j.org/codes.html#multiple_bindings for an explanation.
SLF4J: Actual binding is of type [org.slf4j.impl.Log4jLoggerFactory]
18/09/08 17:32:13 INFO fs.TrashPolicyDefault: Moved: 'hdfs://turing.cds.iisc.ac.in:8020/user/kmkaran212/output' to trash at: hdfs://turing.cds.iisc.ac.in:8020/user/kmkaran212/.Trash/Current/user/kmkaran212/output
SLF4J: Class path contains multiple SLF4J bindings.
SLF4J: Found binding in [jar:file:/usr/hdp/2.6.1.0-129/hadoop/lib/slf4j-log4j12-1.7.10.jar!/org/slf4j/impl/StaticLoggerBinder.class]
SLF4J: Found binding in [jar:file:/usr/hdp/2.6.1.0-129/hadoop-mapreduce/lib/giraph-examples-1.3.0-SNAPSHOT-for-hadoop-2.7.3-jar-with-dependencies.jar!/org/slf4j/impl/StaticLoggerBinder.class]
SLF4J: See http://www.slf4j.org/codes.html#multiple_bindings for an explanation.
SLF4J: Actual binding is of type [org.slf4j.impl.Log4jLoggerFactory]
Deleted /user/kmkaran212/.Trash
SLF4J: Class path contains multiple SLF4J bindings.
SLF4J: Found binding in [jar:file:/usr/hdp/2.6.1.0-129/hadoop/lib/slf4j-log4j12-1.7.10.jar!/org/slf4j/impl/StaticLoggerBinder.class]
SLF4J: Found binding in [jar:file:/usr/hdp/2.6.1.0-129/hadoop-mapreduce/lib/giraph-examples-1.3.0-SNAPSHOT-for-hadoop-2.7.3-jar-with-dependencies.jar!/org/slf4j/impl/StaticLoggerBinder.class]
SLF4J: See http://www.slf4j.org/codes.html#multiple_bindings for an explanation.
SLF4J: Actual binding is of type [org.slf4j.impl.Log4jLoggerFactory]
packageJobJar: [] [/usr/hdp/2.6.1.0-129/hadoop-mapreduce/hadoop-streaming-2.7.3.2.6.1.0-129.jar] /tmp/streamjob6152089564337832845.jar tmpDir=null
18/09/08 17:32:18 INFO client.RMProxy: Connecting to ResourceManager at turing.cds.iisc.ac.in/10.24.1.32:8050
18/09/08 17:32:18 INFO client.AHSProxy: Connecting to Application History server at turing.cds.iisc.ac.in/10.24.1.32:10200
18/09/08 17:32:18 INFO client.RMProxy: Connecting to ResourceManager at turing.cds.iisc.ac.in/10.24.1.32:8050
18/09/08 17:32:18 INFO client.AHSProxy: Connecting to Application History server at turing.cds.iisc.ac.in/10.24.1.32:10200
18/09/08 17:32:19 INFO mapred.FileInputFormat: Total input paths to process : 1
18/09/08 17:32:19 INFO mapreduce.JobSubmitter: number of splits:4
18/09/08 17:32:19 INFO mapreduce.JobSubmitter: Submitting tokens for job: job_1524406905265_2054
18/09/08 17:32:20 INFO impl.YarnClientImpl: Submitted application application_1524406905265_2054
18/09/08 17:32:20 INFO mapreduce.Job: The url to track the job: http://turing.cds.iisc.ac.in:8088/proxy/application_1524406905265_2054/
18/09/08 17:32:20 INFO mapreduce.Job: Running job: job_1524406905265_2054
18/09/08 17:32:27 INFO mapreduce.Job: Job job_1524406905265_2054 running in uber mode : false
18/09/08 17:32:27 INFO mapreduce.Job:  map 0% reduce 0%
18/09/08 17:32:38 INFO mapreduce.Job:  map 5% reduce 0%
18/09/08 17:32:39 INFO mapreduce.Job:  map 8% reduce 0%
18/09/08 17:32:40 INFO mapreduce.Job:  map 11% reduce 0%
18/09/08 17:32:41 INFO mapreduce.Job:  map 14% reduce 0%
18/09/08 17:32:42 INFO mapreduce.Job:  map 16% reduce 0%
18/09/08 17:32:43 INFO mapreduce.Job:  map 18% reduce 0%
18/09/08 17:32:44 INFO mapreduce.Job:  map 22% reduce 0%
18/09/08 17:32:45 INFO mapreduce.Job:  map 24% reduce 0%
18/09/08 17:32:46 INFO mapreduce.Job:  map 26% reduce 0%
18/09/08 17:32:47 INFO mapreduce.Job:  map 30% reduce 0%
18/09/08 17:32:48 INFO mapreduce.Job:  map 32% reduce 0%
18/09/08 17:32:49 INFO mapreduce.Job:  map 34% reduce 0%
18/09/08 17:32:50 INFO mapreduce.Job:  map 37% reduce 0%
18/09/08 17:32:51 INFO mapreduce.Job:  map 39% reduce 0%
18/09/08 17:32:52 INFO mapreduce.Job:  map 41% reduce 0%
18/09/08 17:32:53 INFO mapreduce.Job:  map 45% reduce 0%
18/09/08 17:32:54 INFO mapreduce.Job:  map 47% reduce 0%
18/09/08 17:32:55 INFO mapreduce.Job:  map 49% reduce 0%
18/09/08 17:32:56 INFO mapreduce.Job:  map 52% reduce 0%
18/09/08 17:32:57 INFO mapreduce.Job:  map 54% reduce 0%
18/09/08 17:32:58 INFO mapreduce.Job:  map 56% reduce 0%
18/09/08 17:32:59 INFO mapreduce.Job:  map 59% reduce 0%
18/09/08 17:33:00 INFO mapreduce.Job:  map 61% reduce 0%
18/09/08 17:33:01 INFO mapreduce.Job:  map 63% reduce 0%
18/09/08 17:33:02 INFO mapreduce.Job:  map 64% reduce 0%
18/09/08 17:33:03 INFO mapreduce.Job:  map 65% reduce 0%
18/09/08 17:33:04 INFO mapreduce.Job:  map 66% reduce 0%
18/09/08 17:33:07 INFO mapreduce.Job:  map 67% reduce 0%
18/09/08 17:33:47 INFO mapreduce.Job:  map 75% reduce 0%
18/09/08 17:33:51 INFO mapreduce.Job:  map 83% reduce 0%
18/09/08 17:33:58 INFO mapreduce.Job:  map 92% reduce 4%
18/09/08 17:33:59 INFO mapreduce.Job:  map 92% reduce 13%
18/09/08 17:34:00 INFO mapreduce.Job:  map 92% reduce 19%
18/09/08 17:34:01 INFO mapreduce.Job:  map 100% reduce 21%
18/09/08 17:34:02 INFO mapreduce.Job:  map 100% reduce 25%
18/09/08 17:34:05 INFO mapreduce.Job:  map 100% reduce 64%
18/09/08 17:34:06 INFO mapreduce.Job:  map 100% reduce 82%
18/09/08 17:34:07 INFO mapreduce.Job:  map 100% reduce 100%
18/09/08 17:34:09 INFO mapreduce.Job: Job job_1524406905265_2054 completed successfully
18/09/08 17:34:09 INFO mapreduce.Job: Counters: 49
	File System Counters
		FILE: Number of bytes read=102010324
		FILE: Number of bytes written=205225660
		FILE: Number of read operations=0
		FILE: Number of large read operations=0
		FILE: Number of write operations=0
		HDFS: Number of bytes read=131517655
		HDFS: Number of bytes written=60989847
		HDFS: Number of read operations=24
		HDFS: Number of large read operations=0
		HDFS: Number of write operations=8
	Job Counters 
		Launched map tasks=4
		Launched reduce tasks=4
		Rack-local map tasks=4
		Total time spent by all maps in occupied slots (ms)=2059128
		Total time spent by all reduces in occupied slots (ms)=847908
		Total time spent by all map tasks (ms)=343188
		Total time spent by all reduce tasks (ms)=70659
		Total vcore-milliseconds taken by all map tasks=343188
		Total vcore-milliseconds taken by all reduce tasks=70659
		Total megabyte-milliseconds taken by all map tasks=2108547072
		Total megabyte-milliseconds taken by all reduce tasks=868257792
	Map-Reduce Framework
		Map input records=214997
		Map output records=68185626
		Map output bytes=1666609926
		Map output materialized bytes=102010396
		Input split bytes=548
		Combine input records=68185626
		Combine output records=3106998
		Reduce input groups=1950724
		Reduce shuffle bytes=102010396
		Reduce input records=3106998
		Reduce output records=1950720
		Spilled Records=6213996
		Shuffled Maps =16
		Failed Shuffles=0
		Merged Map outputs=16
		GC time elapsed (ms)=2685
		CPU time spent (ms)=462660
		Physical memory (bytes) snapshot=11085975552
		Virtual memory (bytes) snapshot=77968904192
		Total committed heap usage (bytes)=11362893824
	Shuffle Errors
		BAD_ID=0
		CONNECTION=0
		IO_ERROR=0
		WRONG_LENGTH=0
		WRONG_MAP=0
		WRONG_REDUCE=0
	File Input Format Counters 
		Bytes Read=131517107
	File Output Format Counters 
		Bytes Written=60989847
18/09/08 17:34:09 INFO streaming.StreamJob: Output directory: /user/kmkaran212/output
SLF4J: Class path contains multiple SLF4J bindings.
SLF4J: Found binding in [jar:file:/usr/hdp/2.6.1.0-129/hadoop/lib/slf4j-log4j12-1.7.10.jar!/org/slf4j/impl/StaticLoggerBinder.class]
SLF4J: Found binding in [jar:file:/usr/hdp/2.6.1.0-129/hadoop-mapreduce/lib/giraph-examples-1.3.0-SNAPSHOT-for-hadoop-2.7.3-jar-with-dependencies.jar!/org/slf4j/impl/StaticLoggerBinder.class]
SLF4J: See http://www.slf4j.org/codes.html#multiple_bindings for an explanation.
SLF4J: Actual binding is of type [org.slf4j.impl.Log4jLoggerFactory]
SLF4J: Class path contains multiple SLF4J bindings.
SLF4J: Found binding in [jar:file:/usr/hdp/2.6.1.0-129/hadoop/lib/slf4j-log4j12-1.7.10.jar!/org/slf4j/impl/StaticLoggerBinder.class]
SLF4J: Found binding in [jar:file:/usr/hdp/2.6.1.0-129/hadoop-mapreduce/lib/giraph-examples-1.3.0-SNAPSHOT-for-hadoop-2.7.3-jar-with-dependencies.jar!/org/slf4j/impl/StaticLoggerBinder.class]
SLF4J: See http://www.slf4j.org/codes.html#multiple_bindings for an explanation.
SLF4J: Actual binding is of type [org.slf4j.impl.Log4jLoggerFactory]
SLF4J: Class path contains multiple SLF4J bindings.
SLF4J: Found binding in [jar:file:/usr/hdp/2.6.1.0-129/hadoop/lib/slf4j-log4j12-1.7.10.jar!/org/slf4j/impl/StaticLoggerBinder.class]
SLF4J: Found binding in [jar:file:/usr/hdp/2.6.1.0-129/hadoop-mapreduce/lib/giraph-examples-1.3.0-SNAPSHOT-for-hadoop-2.7.3-jar-with-dependencies.jar!/org/slf4j/impl/StaticLoggerBinder.class]
SLF4J: See http://www.slf4j.org/codes.html#multiple_bindings for an explanation.
SLF4J: Actual binding is of type [org.slf4j.impl.Log4jLoggerFactory]
18/09/08 17:34:21 INFO fs.TrashPolicyDefault: Moved: 'hdfs://turing.cds.iisc.ac.in:8020/user/kmkaran212/output' to trash at: hdfs://turing.cds.iisc.ac.in:8020/user/kmkaran212/.Trash/Current/user/kmkaran212/output
