Job Name:	streamjob6238247464451039922.jar
User Name:	kmkaran212
Queue:	default
State:	SUCCEEDED
Uberized:	false
Submitted:	Sun Sep 09 12:40:52 IST 2018
Started:	Sun Sep 09 12:40:32 IST 2018
Finished:	Sun Sep 09 12:43:42 IST 2018
Elapsed:	3mins, 10sec
Diagnostics:	
Average Map Time	2mins, 42sec
Average Shuffle Time	17sec
Average Merge Time	1sec
Average Reduce Time	10sec

SLF4J: Class path contains multiple SLF4J bindings.
SLF4J: Found binding in [jar:file:/usr/hdp/2.6.1.0-129/hadoop/lib/slf4j-log4j12-1.7.10.jar!/org/slf4j/impl/StaticLoggerBinder.class]
SLF4J: Found binding in [jar:file:/usr/hdp/2.6.1.0-129/hadoop-mapreduce/lib/giraph-examples-1.3.0-SNAPSHOT-for-hadoop-2.7.3-jar-with-dependencies.jar!/org/slf4j/impl/StaticLoggerBinder.class]
SLF4J: See http://www.slf4j.org/codes.html#multiple_bindings for an explanation.
SLF4J: Actual binding is of type [org.slf4j.impl.Log4jLoggerFactory]
18/09/09 12:40:43 INFO fs.TrashPolicyDefault: Moved: 'hdfs://turing.cds.iisc.ac.in:8020/user/kmkaran212/results/full_test_id.txt' to trash at: hdfs://turing.cds.iisc.ac.in:8020/user/kmkaran212/.Trash/Current/user/kmkaran212/results/full_test_id.txt
18/09/09 12:40:43 INFO fs.TrashPolicyDefault: Moved: 'hdfs://turing.cds.iisc.ac.in:8020/user/kmkaran212/results/out.txt' to trash at: hdfs://turing.cds.iisc.ac.in:8020/user/kmkaran212/.Trash/Current/user/kmkaran212/results/out.txt
18/09/09 12:40:43 INFO fs.TrashPolicyDefault: Moved: 'hdfs://turing.cds.iisc.ac.in:8020/user/kmkaran212/results/out1.txt' to trash at: hdfs://turing.cds.iisc.ac.in:8020/user/kmkaran212/.Trash/Current/user/kmkaran212/results/out1.txt
18/09/09 12:40:43 INFO fs.TrashPolicyDefault: Moved: 'hdfs://turing.cds.iisc.ac.in:8020/user/kmkaran212/results/out2.txt' to trash at: hdfs://turing.cds.iisc.ac.in:8020/user/kmkaran212/.Trash/Current/user/kmkaran212/results/out2.txt
18/09/09 12:40:43 INFO fs.TrashPolicyDefault: Moved: 'hdfs://turing.cds.iisc.ac.in:8020/user/kmkaran212/results/out3.txt' to trash at: hdfs://turing.cds.iisc.ac.in:8020/user/kmkaran212/.Trash/Current/user/kmkaran212/results/out3.txt
18/09/09 12:40:43 INFO fs.TrashPolicyDefault: Moved: 'hdfs://turing.cds.iisc.ac.in:8020/user/kmkaran212/results/out4.txt' to trash at: hdfs://turing.cds.iisc.ac.in:8020/user/kmkaran212/.Trash/Current/user/kmkaran212/results/out4.txt
SLF4J: Class path contains multiple SLF4J bindings.
SLF4J: Found binding in [jar:file:/usr/hdp/2.6.1.0-129/hadoop/lib/slf4j-log4j12-1.7.10.jar!/org/slf4j/impl/StaticLoggerBinder.class]
SLF4J: Found binding in [jar:file:/usr/hdp/2.6.1.0-129/hadoop-mapreduce/lib/giraph-examples-1.3.0-SNAPSHOT-for-hadoop-2.7.3-jar-with-dependencies.jar!/org/slf4j/impl/StaticLoggerBinder.class]
SLF4J: See http://www.slf4j.org/codes.html#multiple_bindings for an explanation.
SLF4J: Actual binding is of type [org.slf4j.impl.Log4jLoggerFactory]
18/09/09 12:40:45 INFO fs.TrashPolicyDefault: Moved: 'hdfs://turing.cds.iisc.ac.in:8020/user/kmkaran212/output' to trash at: hdfs://turing.cds.iisc.ac.in:8020/user/kmkaran212/.Trash/Current/user/kmkaran212/output1536477045460
SLF4J: Class path contains multiple SLF4J bindings.
SLF4J: Found binding in [jar:file:/usr/hdp/2.6.1.0-129/hadoop/lib/slf4j-log4j12-1.7.10.jar!/org/slf4j/impl/StaticLoggerBinder.class]
SLF4J: Found binding in [jar:file:/usr/hdp/2.6.1.0-129/hadoop-mapreduce/lib/giraph-examples-1.3.0-SNAPSHOT-for-hadoop-2.7.3-jar-with-dependencies.jar!/org/slf4j/impl/StaticLoggerBinder.class]
SLF4J: See http://www.slf4j.org/codes.html#multiple_bindings for an explanation.
SLF4J: Actual binding is of type [org.slf4j.impl.Log4jLoggerFactory]
Deleted /user/kmkaran212/.Trash
SLF4J: Class path contains multiple SLF4J bindings.
SLF4J: Found binding in [jar:file:/usr/hdp/2.6.1.0-129/hadoop/lib/slf4j-log4j12-1.7.10.jar!/org/slf4j/impl/StaticLoggerBinder.class]
SLF4J: Found binding in [jar:file:/usr/hdp/2.6.1.0-129/hadoop-mapreduce/lib/giraph-examples-1.3.0-SNAPSHOT-for-hadoop-2.7.3-jar-with-dependencies.jar!/org/slf4j/impl/StaticLoggerBinder.class]
SLF4J: See http://www.slf4j.org/codes.html#multiple_bindings for an explanation.
SLF4J: Actual binding is of type [org.slf4j.impl.Log4jLoggerFactory]
packageJobJar: [] [/usr/hdp/2.6.1.0-129/hadoop-mapreduce/hadoop-streaming-2.7.3.2.6.1.0-129.jar] /tmp/streamjob6238247464451039922.jar tmpDir=null
18/09/09 12:40:50 INFO client.RMProxy: Connecting to ResourceManager at turing.cds.iisc.ac.in/10.24.1.32:8050
18/09/09 12:40:50 INFO client.AHSProxy: Connecting to Application History server at turing.cds.iisc.ac.in/10.24.1.32:10200
18/09/09 12:40:50 INFO client.RMProxy: Connecting to ResourceManager at turing.cds.iisc.ac.in/10.24.1.32:8050
18/09/09 12:40:50 INFO client.AHSProxy: Connecting to Application History server at turing.cds.iisc.ac.in/10.24.1.32:10200
18/09/09 12:40:51 INFO mapred.FileInputFormat: Total input paths to process : 1
18/09/09 12:40:52 INFO mapreduce.JobSubmitter: number of splits:2
18/09/09 12:40:52 INFO mapreduce.JobSubmitter: Submitting tokens for job: job_1524406905265_2572
18/09/09 12:40:52 INFO impl.YarnClientImpl: Submitted application application_1524406905265_2572
18/09/09 12:40:52 INFO mapreduce.Job: The url to track the job: http://turing.cds.iisc.ac.in:8088/proxy/application_1524406905265_2572/
18/09/09 12:40:52 INFO mapreduce.Job: Running job: job_1524406905265_2572
18/09/09 12:41:03 INFO mapreduce.Job: Job job_1524406905265_2572 running in uber mode : false
18/09/09 12:41:03 INFO mapreduce.Job:  map 0% reduce 0%
18/09/09 12:41:15 INFO mapreduce.Job:  map 5% reduce 0%
18/09/09 12:41:18 INFO mapreduce.Job:  map 8% reduce 0%
18/09/09 12:41:21 INFO mapreduce.Job:  map 12% reduce 0%
18/09/09 12:41:24 INFO mapreduce.Job:  map 15% reduce 0%
18/09/09 12:41:27 INFO mapreduce.Job:  map 19% reduce 0%
18/09/09 12:41:30 INFO mapreduce.Job:  map 23% reduce 0%
18/09/09 12:41:33 INFO mapreduce.Job:  map 26% reduce 0%
18/09/09 12:41:36 INFO mapreduce.Job:  map 30% reduce 0%
18/09/09 12:41:39 INFO mapreduce.Job:  map 34% reduce 0%
18/09/09 12:41:42 INFO mapreduce.Job:  map 37% reduce 0%
18/09/09 12:41:45 INFO mapreduce.Job:  map 41% reduce 0%
18/09/09 12:41:49 INFO mapreduce.Job:  map 45% reduce 0%
18/09/09 12:41:52 INFO mapreduce.Job:  map 49% reduce 0%
18/09/09 12:41:54 INFO mapreduce.Job:  map 53% reduce 0%
18/09/09 12:41:57 INFO mapreduce.Job:  map 56% reduce 0%
18/09/09 12:42:00 INFO mapreduce.Job:  map 60% reduce 0%
18/09/09 12:42:03 INFO mapreduce.Job:  map 64% reduce 0%
18/09/09 12:42:06 INFO mapreduce.Job:  map 66% reduce 0%
18/09/09 12:42:09 INFO mapreduce.Job:  map 67% reduce 0%
18/09/09 12:43:38 INFO mapreduce.Job:  map 83% reduce 0%
18/09/09 12:43:49 INFO mapreduce.Job:  map 83% reduce 17%
18/09/09 12:43:57 INFO mapreduce.Job:  map 100% reduce 17%
18/09/09 12:43:58 INFO mapreduce.Job:  map 100% reduce 39%
18/09/09 12:44:01 INFO mapreduce.Job:  map 100% reduce 69%
18/09/09 12:44:04 INFO mapreduce.Job:  map 100% reduce 81%
18/09/09 12:44:07 INFO mapreduce.Job:  map 100% reduce 93%
18/09/09 12:44:09 INFO mapreduce.Job:  map 100% reduce 100%
18/09/09 12:44:11 INFO mapreduce.Job: Job job_1524406905265_2572 completed successfully
18/09/09 12:44:11 INFO mapreduce.Job: Counters: 49
	File System Counters
		FILE: Number of bytes read=81076950
		FILE: Number of bytes written=162605678
		FILE: Number of read operations=0
		FILE: Number of large read operations=0
		FILE: Number of write operations=0
		HDFS: Number of bytes read=131308644
		HDFS: Number of bytes written=60990373
		HDFS: Number of read operations=9
		HDFS: Number of large read operations=0
		HDFS: Number of write operations=2
	Job Counters 
		Launched map tasks=2
		Launched reduce tasks=1
		Rack-local map tasks=2
		Total time spent by all maps in occupied slots (ms)=1946370
		Total time spent by all reduces in occupied slots (ms)=351588
		Total time spent by all map tasks (ms)=324395
		Total time spent by all reduce tasks (ms)=29299
		Total vcore-milliseconds taken by all map tasks=324395
		Total vcore-milliseconds taken by all reduce tasks=29299
		Total megabyte-milliseconds taken by all map tasks=1993082880
		Total megabyte-milliseconds taken by all reduce tasks=360026112
	Map-Reduce Framework
		Map input records=214997
		Map output records=68185626
		Map output bytes=1666609926
		Map output materialized bytes=81076956
		Input split bytes=274
		Combine input records=68185626
		Combine output records=2452749
		Reduce input groups=1950737
		Reduce shuffle bytes=81076956
		Reduce input records=2452749
		Reduce output records=1950736
		Spilled Records=4905498
		Shuffled Maps =2
		Failed Shuffles=0
		Merged Map outputs=2
		GC time elapsed (ms)=2467
		CPU time spent (ms)=460320
		Physical memory (bytes) snapshot=5459546112
		Virtual memory (bytes) snapshot=26556878848
		Total committed heap usage (bytes)=5740953600
	Shuffle Errors
		BAD_ID=0
		CONNECTION=0
		IO_ERROR=0
		WRONG_LENGTH=0
		WRONG_MAP=0
		WRONG_REDUCE=0
	File Input Format Counters 
		Bytes Read=131308370
	File Output Format Counters 
		Bytes Written=60990373
18/09/09 12:44:11 INFO streaming.StreamJob: Output directory: /user/kmkaran212/output
SLF4J: Class path contains multiple SLF4J bindings.
SLF4J: Found binding in [jar:file:/usr/hdp/2.6.1.0-129/hadoop/lib/slf4j-log4j12-1.7.10.jar!/org/slf4j/impl/StaticLoggerBinder.class]
SLF4J: Found binding in [jar:file:/usr/hdp/2.6.1.0-129/hadoop-mapreduce/lib/giraph-examples-1.3.0-SNAPSHOT-for-hadoop-2.7.3-jar-with-dependencies.jar!/org/slf4j/impl/StaticLoggerBinder.class]
SLF4J: See http://www.slf4j.org/codes.html#multiple_bindings for an explanation.
SLF4J: Actual binding is of type [org.slf4j.impl.Log4jLoggerFactory]
SLF4J: Class path contains multiple SLF4J bindings.
SLF4J: Found binding in [jar:file:/usr/hdp/2.6.1.0-129/hadoop/lib/slf4j-log4j12-1.7.10.jar!/org/slf4j/impl/StaticLoggerBinder.class]
SLF4J: Found binding in [jar:file:/usr/hdp/2.6.1.0-129/hadoop-mapreduce/lib/giraph-examples-1.3.0-SNAPSHOT-for-hadoop-2.7.3-jar-with-dependencies.jar!/org/slf4j/impl/StaticLoggerBinder.class]
SLF4J: See http://www.slf4j.org/codes.html#multiple_bindings for an explanation.
SLF4J: Actual binding is of type [org.slf4j.impl.Log4jLoggerFactory]
SLF4J: Class path contains multiple SLF4J bindings.
SLF4J: Found binding in [jar:file:/usr/hdp/2.6.1.0-129/hadoop/lib/slf4j-log4j12-1.7.10.jar!/org/slf4j/impl/StaticLoggerBinder.class]
SLF4J: Found binding in [jar:file:/usr/hdp/2.6.1.0-129/hadoop-mapreduce/lib/giraph-examples-1.3.0-SNAPSHOT-for-hadoop-2.7.3-jar-with-dependencies.jar!/org/slf4j/impl/StaticLoggerBinder.class]
SLF4J: See http://www.slf4j.org/codes.html#multiple_bindings for an explanation.
SLF4J: Actual binding is of type [org.slf4j.impl.Log4jLoggerFactory]
18/09/09 12:44:23 INFO fs.TrashPolicyDefault: Moved: 'hdfs://turing.cds.iisc.ac.in:8020/user/kmkaran212/output' to trash at: hdfs://turing.cds.iisc.ac.in:8020/user/kmkaran212/.Trash/Current/user/kmkaran212/output
